0 info it worked if it ends with ok
1 verbose cli [ '/Users/hoang.transon/.nvm/versions/node/v4.8.4/bin/node',
1 verbose cli   '/Users/hoang.transon/.nvm/versions/node/v4.8.4/bin/npm',
1 verbose cli   'run-script',
1 verbose cli   'debug' ]
2 info using npm@2.15.11
3 info using node@v4.8.4
4 verbose stack Error: missing script: debug
4 verbose stack     at run (/Users/hoang.transon/.nvm/versions/node/v4.8.4/lib/node_modules/npm/lib/run-script.js:142:19)
4 verbose stack     at /Users/hoang.transon/.nvm/versions/node/v4.8.4/lib/node_modules/npm/lib/run-script.js:58:5
4 verbose stack     at /Users/hoang.transon/.nvm/versions/node/v4.8.4/lib/node_modules/npm/node_modules/read-package-json/read-json.js:356:5
4 verbose stack     at checkBinReferences_ (/Users/hoang.transon/.nvm/versions/node/v4.8.4/lib/node_modules/npm/node_modules/read-package-json/read-json.js:320:45)
4 verbose stack     at final (/Users/hoang.transon/.nvm/versions/node/v4.8.4/lib/node_modules/npm/node_modules/read-package-json/read-json.js:354:3)
4 verbose stack     at then (/Users/hoang.transon/.nvm/versions/node/v4.8.4/lib/node_modules/npm/node_modules/read-package-json/read-json.js:124:5)
4 verbose stack     at /Users/hoang.transon/.nvm/versions/node/v4.8.4/lib/node_modules/npm/node_modules/read-package-json/read-json.js:311:12
4 verbose stack     at /Users/hoang.transon/.nvm/versions/node/v4.8.4/lib/node_modules/npm/node_modules/graceful-fs/graceful-fs.js:78:16
4 verbose stack     at FSReqWrap.readFileAfterClose [as oncomplete] (fs.js:380:3)
5 verbose cwd /Volumes/DATA/Projects/jsalgorthms
6 error Darwin 16.6.0
7 error argv "/Users/hoang.transon/.nvm/versions/node/v4.8.4/bin/node" "/Users/hoang.transon/.nvm/versions/node/v4.8.4/bin/npm" "run-script" "debug"
8 error node v4.8.4
9 error npm  v2.15.11
10 error missing script: debug
11 error If you need help, you may report this error at:
11 error     <https://github.com/npm/npm/issues>
12 verbose exit [ 1, true ]
